<?xml version="1.0" encoding="UTF-8"?>
<testng-results ignored="0" total="1" passed="1" failed="0" skipped="0">
  <reporter-output>
  </reporter-output>
  <suite started-at="2025-01-08T19:59:29 BRT" name="Default suite" finished-at="2025-01-08T19:59:41 BRT" duration-ms="11916">
    <groups>
    </groups>
    <test started-at="2025-01-08T19:59:29 BRT" name="Default test" finished-at="2025-01-08T19:59:41 BRT" duration-ms="11916">
      <class name="project2025.appiumnew.AppiumBasics2025">
        <test-method is-config="true" signature="ConfigureAppium()[pri:0, instance:project2025.appiumnew.AppiumBasics2025@4c12331b]" started-at="2025-01-08T19:59:29 BRT" name="ConfigureAppium" finished-at="2025-01-08T19:59:34 BRT" duration-ms="5292" status="PASS">
          <reporter-output>
          </reporter-output>
        </test-method> <!-- ConfigureAppium -->
        <test-method signature="WifiSettingsName()[pri:0, instance:project2025.appiumnew.AppiumBasics2025@4c12331b]" started-at="2025-01-08T19:59:34 BRT" name="WifiSettingsName" finished-at="2025-01-08T19:59:40 BRT" duration-ms="6351" status="PASS">
          <reporter-output>
          </reporter-output>
        </test-method> <!-- WifiSettingsName -->
        <test-method is-config="true" signature="tearDown()[pri:0, instance:project2025.appiumnew.AppiumBasics2025@4c12331b]" started-at="2025-01-08T19:59:40 BRT" name="tearDown" finished-at="2025-01-08T19:59:41 BRT" duration-ms="250" status="PASS">
          <reporter-output>
          </reporter-output>
        </test-method> <!-- tearDown -->
      </class> <!-- project2025.appiumnew.AppiumBasics2025 -->
    </test> <!-- Default test -->
  </suite> <!-- Default suite -->
</testng-results>
